<?xml version="1.0" encoding="UTF-8"?>
<coverage generated="1627744004608" clover="3.2.0">
  <project timestamp="1627744004608" name="All files">
    <metrics statements="31" coveredstatements="31" conditionals="4" coveredconditionals="4" methods="12" coveredmethods="12" elements="47" coveredelements="47" complexity="0" loc="31" ncloc="31" packages="1" files="1" classes="1"/>
    <file name="functions.ts" path="/Users/naoyasu/Desktop/praha_challenge/02_test/2_1_jest_test/jestSample/functions.ts">
      <metrics statements="31" coveredstatements="31" conditionals="4" coveredconditionals="4" methods="12" coveredmethods="12"/>
      <line num="1" count="1" type="stmt"/>
      <line num="2" count="1" type="stmt"/>
      <line num="7" count="1" type="stmt"/>
      <line num="8" count="4" type="stmt"/>
      <line num="9" count="4" type="stmt"/>
      <line num="10" count="4" type="stmt"/>
      <line num="11" count="4" type="cond" truecount="2" falsecount="0"/>
      <line num="12" count="3" type="stmt"/>
      <line num="14" count="1" type="stmt"/>
      <line num="21" count="1" type="stmt"/>
      <line num="22" count="1" type="stmt"/>
      <line num="39" count="1" type="stmt"/>
      <line num="40" count="5" type="stmt"/>
      <line num="44" count="1" type="stmt"/>
      <line num="45" count="1" type="stmt"/>
      <line num="46" count="1" type="stmt"/>
      <line num="55" count="1" type="stmt"/>
      <line num="56" count="2" type="stmt"/>
      <line num="57" count="2" type="stmt"/>
      <line num="58" count="2" type="stmt"/>
      <line num="60" count="2" type="stmt"/>
      <line num="61" count="1" type="stmt"/>
      <line num="63" count="1" type="stmt"/>
      <line num="71" count="1" type="stmt"/>
      <line num="72" count="2" type="stmt"/>
      <line num="74" count="2" type="stmt"/>
      <line num="79" count="2" type="stmt"/>
      <line num="80" count="2" type="stmt"/>
      <line num="82" count="2" type="cond" truecount="2" falsecount="0"/>
      <line num="84" count="1" type="stmt"/>
      <line num="87" count="1" type="stmt"/>
    </file>
  </project>
</coverage>
