{"/Users/naoyasu/Desktop/praha_challenge/02_test/2_1_jest_test/jestSample/functions.ts": {"path":"/Users/naoyasu/Desktop/praha_challenge/02_test/2_1_jest_test/jestSample/functions.ts","statementMap":{"0":{"start":{"line":1,"column":0},"end":{"line":1,"column":50}},"1":{"start":{"line":2,"column":0},"end":{"line":2,"column":38}},"2":{"start":{"line":7,"column":13},"end":{"line":17,"column":2}},"3":{"start":{"line":8,"column":2},"end":{"line":16,"column":5}},"4":{"start":{"line":9,"column":16},"end":{"line":9,"column":23}},"5":{"start":{"line":10,"column":17},"end":{"line":10,"column":25}},"6":{"start":{"line":11,"column":4},"end":{"line":15,"column":null}},"7":{"start":{"line":12,"column":6},"end":{"line":12,"column":20}},"8":{"start":{"line":14,"column":6},"end":{"line":14,"column":18}},"9":{"start":{"line":21,"column":13},"end":{"line":23,"column":2}},"10":{"start":{"line":22,"column":2},"end":{"line":22,"column":25}},"11":{"start":{"line":39,"column":13},"end":{"line":41,"column":2}},"12":{"start":{"line":40,"column":2},"end":{"line":40,"column":65}},"13":{"start":{"line":40,"column":58},"end":{"line":40,"column":64}},"14":{"start":{"line":44,"column":13},"end":{"line":48,"column":2}},"15":{"start":{"line":45,"column":2},"end":{"line":47,"column":5}},"16":{"start":{"line":46,"column":4},"end":{"line":46,"column":33}},"17":{"start":{"line":55,"column":13},"end":{"line":66,"column":2}},"18":{"start":{"line":56,"column":2},"end":{"line":65,"column":5}},"19":{"start":{"line":57,"column":4},"end":{"line":64,"column":null}},"20":{"start":{"line":58,"column":23},"end":{"line":58,"column":41}},"21":{"start":{"line":60,"column":6},"end":{"line":60,"column":29}},"22":{"start":{"line":61,"column":6},"end":{"line":61,"column":35}},"23":{"start":{"line":63,"column":6},"end":{"line":63,"column":17}},"24":{"start":{"line":71,"column":13},"end":{"line":88,"column":2}},"25":{"start":{"line":72,"column":23},"end":{"line":88,"column":2}},"26":{"start":{"line":74,"column":8},"end":{"line":74,"column":46}},"27":{"start":{"line":79,"column":8},"end":{"line":79,"column":64}},"28":{"start":{"line":79,"column":55},"end":{"line":79,"column":63}},"29":{"start":{"line":80,"column":8},"end":{"line":80,"column":42}},"30":{"start":{"line":82,"column":2},"end":{"line":85,"column":null}},"31":{"start":{"line":84,"column":4},"end":{"line":84,"column":43}},"32":{"start":{"line":87,"column":2},"end":{"line":87,"column":14}}},"fnMap":{"0":{"name":"(anonymous_13)","decl":{"start":{"line":7,"column":27},"end":{"line":7,"column":28}},"loc":{"start":{"line":7,"column":45},"end":{"line":17,"column":1}}},"1":{"name":"(anonymous_14)","decl":{"start":{"line":8,"column":21},"end":{"line":8,"column":22}},"loc":{"start":{"line":8,"column":37},"end":{"line":16,"column":3}}},"2":{"name":"(anonymous_15)","decl":{"start":{"line":21,"column":25},"end":{"line":21,"column":26}},"loc":{"start":{"line":21,"column":38},"end":{"line":23,"column":1}}},"3":{"name":"(anonymous_16)","decl":{"start":{"line":39,"column":26},"end":{"line":39,"column":27}},"loc":{"start":{"line":39,"column":44},"end":{"line":41,"column":1}}},"4":{"name":"(anonymous_17)","decl":{"start":{"line":40,"column":24},"end":{"line":40,"column":25}},"loc":{"start":{"line":40,"column":45},"end":{"line":40,"column":59}}},"5":{"name":"(anonymous_18)","decl":{"start":{"line":44,"column":31},"end":{"line":44,"column":32}},"loc":{"start":{"line":44,"column":49},"end":{"line":48,"column":1}}},"6":{"name":"(anonymous_19)","decl":{"start":{"line":45,"column":21},"end":{"line":45,"column":22}},"loc":{"start":{"line":45,"column":29},"end":{"line":47,"column":3}}},"7":{"name":"(anonymous_20)","decl":{"start":{"line":55,"column":44},"end":{"line":55,"column":45}},"loc":{"start":{"line":55,"column":62},"end":{"line":66,"column":1}}},"8":{"name":"(anonymous_21)","decl":{"start":{"line":56,"column":21},"end":{"line":56,"column":22}},"loc":{"start":{"line":56,"column":29},"end":{"line":65,"column":3}}},"9":{"name":"(anonymous_22)","decl":{"start":{"line":71,"column":39},"end":{"line":71,"column":null}},"loc":{"start":{"line":72,"column":23},"end":{"line":88,"column":2}}},"10":{"name":"(anonymous_23)","decl":{"start":{"line":72,"column":23},"end":{"line":72,"column":null}},"loc":{"start":{"line":72,"column":23},"end":{"line":88,"column":2}}},"11":{"name":"(anonymous_25)","decl":{"start":{"line":79,"column":49},"end":{"line":79,"column":55}},"loc":{"start":{"line":79,"column":49},"end":{"line":79,"column":62}}}},"branchMap":{"0":{"loc":{"start":{"line":11,"column":4},"end":{"line":15,"column":null}},"type":"if","locations":[{"start":{"line":11,"column":4},"end":{"line":15,"column":null}},{"start":{"line":11,"column":4},"end":{"line":15,"column":null}}]},"1":{"loc":{"start":{"line":82,"column":2},"end":{"line":85,"column":null}},"type":"if","locations":[{"start":{"line":82,"column":2},"end":{"line":85,"column":null}},{"start":{"line":82,"column":2},"end":{"line":85,"column":null}}]}},"s":{"0":1,"1":1,"2":1,"3":4,"4":4,"5":4,"6":4,"7":3,"8":1,"9":1,"10":1,"11":1,"12":4,"13":5,"14":1,"15":1,"16":1,"17":1,"18":2,"19":2,"20":2,"21":2,"22":1,"23":1,"24":1,"25":2,"26":2,"27":2,"28":2,"29":2,"30":2,"31":1,"32":1},"f":{"0":4,"1":4,"2":1,"3":4,"4":5,"5":1,"6":1,"7":2,"8":2,"9":2,"10":2,"11":2},"b":{"0":[3,1],"1":[1,1]}}
}
