{"/Users/naoyasu/Desktop/praha_challenge/02_test/2_1_jest_test/jestSample/functions.ts": {"path":"/Users/naoyasu/Desktop/praha_challenge/02_test/2_1_jest_test/jestSample/functions.ts","statementMap":{"0":{"start":{"line":20,"column":26},"end":{"line":28,"column":1}},"1":{"start":{"line":21,"column":2},"end":{"line":27,"column":5}},"2":{"start":{"line":22,"column":4},"end":{"line":26,"column":null}},"3":{"start":{"line":23,"column":6},"end":{"line":23,"column":15}},"4":{"start":{"line":25,"column":6},"end":{"line":25,"column":null}},"5":{"start":{"line":20,"column":13},"end":{"line":20,"column":26}},"6":{"start":{"line":38,"column":31},"end":{"line":42,"column":1}},"7":{"start":{"line":39,"column":2},"end":{"line":41,"column":5}},"8":{"start":{"line":40,"column":4},"end":{"line":40,"column":33}},"9":{"start":{"line":38,"column":13},"end":{"line":38,"column":31}},"10":{"start":{"line":45,"column":44},"end":{"line":60,"column":1}},"11":{"start":{"line":50,"column":2},"end":{"line":59,"column":5}},"12":{"start":{"line":51,"column":4},"end":{"line":58,"column":null}},"13":{"start":{"line":54,"column":6},"end":{"line":54,"column":29}},"14":{"start":{"line":55,"column":6},"end":{"line":55,"column":35}},"15":{"start":{"line":57,"column":6},"end":{"line":57,"column":17}},"16":{"start":{"line":45,"column":13},"end":{"line":45,"column":44}},"17":{"start":{"line":66,"column":39},"end":{"line":78,"column":2}},"18":{"start":{"line":68,"column":31},"end":{"line":78,"column":2}},"19":{"start":{"line":72,"column":20},"end":{"line":72,"column":null}},"20":{"start":{"line":72,"column":8},"end":{"line":72,"column":null}},"21":{"start":{"line":74,"column":2},"end":{"line":76,"column":null}},"22":{"start":{"line":75,"column":4},"end":{"line":75,"column":43}},"23":{"start":{"line":77,"column":2},"end":{"line":77,"column":19}},"24":{"start":{"line":66,"column":13},"end":{"line":66,"column":39}},"25":{"start":{"line":100,"column":26},"end":{"line":110,"column":1}},"26":{"start":{"line":104,"column":2},"end":{"line":108,"column":null}},"27":{"start":{"line":105,"column":4},"end":{"line":105,"column":19}},"28":{"start":{"line":107,"column":4},"end":{"line":107,"column":null}},"29":{"start":{"line":100,"column":13},"end":{"line":100,"column":26}},"30":{"start":{"line":113,"column":25},"end":{"line":115,"column":1}},"31":{"start":{"line":114,"column":2},"end":{"line":114,"column":25}},"32":{"start":{"line":113,"column":13},"end":{"line":113,"column":25}},"33":{"start":{"line":119,"column":27},"end":{"line":129,"column":1}},"34":{"start":{"line":120,"column":2},"end":{"line":128,"column":5}},"35":{"start":{"line":121,"column":16},"end":{"line":121,"column":23}},"36":{"start":{"line":122,"column":17},"end":{"line":122,"column":25}},"37":{"start":{"line":123,"column":4},"end":{"line":127,"column":null}},"38":{"start":{"line":124,"column":6},"end":{"line":124,"column":20}},"39":{"start":{"line":126,"column":6},"end":{"line":126,"column":18}},"40":{"start":{"line":119,"column":13},"end":{"line":119,"column":27}},"41":{"start":{"line":138,"column":21},"end":{"line":140,"column":1}},"42":{"start":{"line":139,"column":2},"end":{"line":139,"column":31}},"43":{"start":{"line":138,"column":13},"end":{"line":138,"column":21}},"44":{"start":{"line":142,"column":29},"end":{"line":151,"column":1}},"45":{"start":{"line":143,"column":2},"end":{"line":143,"column":31}},"46":{"start":{"line":143,"column":18},"end":{"line":143,"column":31}},"47":{"start":{"line":144,"column":2},"end":{"line":144,"column":32}},"48":{"start":{"line":144,"column":20},"end":{"line":144,"column":32}},"49":{"start":{"line":146,"column":2},"end":{"line":148,"column":null}},"50":{"start":{"line":146,"column":15},"end":{"line":146,"column":16}},"51":{"start":{"line":147,"column":4},"end":{"line":147,"column":39}},"52":{"start":{"line":147,"column":26},"end":{"line":147,"column":39}},"53":{"start":{"line":150,"column":2},"end":{"line":150,"column":14}},"54":{"start":{"line":142,"column":13},"end":{"line":142,"column":29}},"55":{"start":{"line":153,"column":30},"end":{"line":162,"column":1}},"56":{"start":{"line":154,"column":21},"end":{"line":154,"column":62}},"57":{"start":{"line":155,"column":2},"end":{"line":161,"column":null}},"58":{"start":{"line":158,"column":4},"end":{"line":158,"column":45}},"59":{"start":{"line":160,"column":4},"end":{"line":160,"column":32}},"60":{"start":{"line":153,"column":13},"end":{"line":153,"column":30}}},"fnMap":{"0":{"name":"(anonymous_13)","decl":{"start":{"line":20,"column":26},"end":{"line":20,"column":27}},"loc":{"start":{"line":20,"column":44},"end":{"line":28,"column":1}}},"1":{"name":"(anonymous_14)","decl":{"start":{"line":21,"column":24},"end":{"line":21,"column":25}},"loc":{"start":{"line":21,"column":58},"end":{"line":27,"column":3}}},"2":{"name":"(anonymous_15)","decl":{"start":{"line":38,"column":31},"end":{"line":38,"column":32}},"loc":{"start":{"line":38,"column":49},"end":{"line":42,"column":1}}},"3":{"name":"(anonymous_16)","decl":{"start":{"line":39,"column":21},"end":{"line":39,"column":22}},"loc":{"start":{"line":39,"column":29},"end":{"line":41,"column":3}}},"4":{"name":"(anonymous_17)","decl":{"start":{"line":45,"column":44},"end":{"line":45,"column":null}},"loc":{"start":{"line":47,"column":23},"end":{"line":60,"column":1}}},"5":{"name":"(anonymous_18)","decl":{"start":{"line":50,"column":21},"end":{"line":50,"column":22}},"loc":{"start":{"line":50,"column":29},"end":{"line":59,"column":3}}},"6":{"name":"(anonymous_19)","decl":{"start":{"line":66,"column":39},"end":{"line":66,"column":null}},"loc":{"start":{"line":68,"column":31},"end":{"line":78,"column":2}}},"7":{"name":"(anonymous_20)","decl":{"start":{"line":68,"column":31},"end":{"line":68,"column":null}},"loc":{"start":{"line":68,"column":31},"end":{"line":78,"column":2}}},"8":{"name":"(anonymous_22)","decl":{"start":{"line":100,"column":26},"end":{"line":100,"column":null}},"loc":{"start":{"line":101,"column":13},"end":{"line":110,"column":1}}},"9":{"name":"(anonymous_23)","decl":{"start":{"line":113,"column":25},"end":{"line":113,"column":26}},"loc":{"start":{"line":113,"column":38},"end":{"line":115,"column":1}}},"10":{"name":"(anonymous_24)","decl":{"start":{"line":119,"column":27},"end":{"line":119,"column":28}},"loc":{"start":{"line":119,"column":45},"end":{"line":129,"column":1}}},"11":{"name":"(anonymous_25)","decl":{"start":{"line":120,"column":21},"end":{"line":120,"column":22}},"loc":{"start":{"line":120,"column":37},"end":{"line":128,"column":3}}},"12":{"name":"(anonymous_26)","decl":{"start":{"line":138,"column":21},"end":{"line":138,"column":22}},"loc":{"start":{"line":138,"column":38},"end":{"line":140,"column":1}}},"13":{"name":"(anonymous_27)","decl":{"start":{"line":142,"column":29},"end":{"line":142,"column":30}},"loc":{"start":{"line":142,"column":44},"end":{"line":151,"column":1}}},"14":{"name":"(anonymous_28)","decl":{"start":{"line":153,"column":30},"end":{"line":153,"column":31}},"loc":{"start":{"line":153,"column":86},"end":{"line":162,"column":1}}}},"branchMap":{"0":{"loc":{"start":{"line":22,"column":4},"end":{"line":26,"column":null}},"type":"if","locations":[{"start":{"line":22,"column":4},"end":{"line":26,"column":null}},{"start":{"line":22,"column":4},"end":{"line":26,"column":null}}]},"1":{"loc":{"start":{"line":72,"column":20},"end":{"line":72,"column":null}},"type":"switch","locations":[{"start":{"line":72,"column":20},"end":{"line":72,"column":null}}]},"2":{"loc":{"start":{"line":74,"column":2},"end":{"line":76,"column":null}},"type":"if","locations":[{"start":{"line":74,"column":2},"end":{"line":76,"column":null}},{"start":{"line":74,"column":2},"end":{"line":76,"column":null}}]},"3":{"loc":{"start":{"line":104,"column":2},"end":{"line":108,"column":null}},"type":"if","locations":[{"start":{"line":104,"column":2},"end":{"line":108,"column":null}},{"start":{"line":104,"column":2},"end":{"line":108,"column":null}}]},"4":{"loc":{"start":{"line":123,"column":4},"end":{"line":127,"column":null}},"type":"if","locations":[{"start":{"line":123,"column":4},"end":{"line":127,"column":null}},{"start":{"line":123,"column":4},"end":{"line":127,"column":null}}]},"5":{"loc":{"start":{"line":143,"column":2},"end":{"line":143,"column":31}},"type":"if","locations":[{"start":{"line":143,"column":2},"end":{"line":143,"column":31}},{"start":{"line":143,"column":2},"end":{"line":143,"column":31}}]},"6":{"loc":{"start":{"line":144,"column":2},"end":{"line":144,"column":32}},"type":"if","locations":[{"start":{"line":144,"column":2},"end":{"line":144,"column":32}},{"start":{"line":144,"column":2},"end":{"line":144,"column":32}}]},"7":{"loc":{"start":{"line":147,"column":4},"end":{"line":147,"column":39}},"type":"if","locations":[{"start":{"line":147,"column":4},"end":{"line":147,"column":39}},{"start":{"line":147,"column":4},"end":{"line":147,"column":39}}]},"8":{"loc":{"start":{"line":155,"column":2},"end":{"line":161,"column":null}},"type":"if","locations":[{"start":{"line":155,"column":2},"end":{"line":161,"column":null}},{"start":{"line":155,"column":2},"end":{"line":161,"column":null}}]}},"s":{"0":1,"1":4,"2":5,"3":0,"4":5,"5":1,"6":1,"7":1,"8":1,"9":1,"10":1,"11":2,"12":2,"13":2,"14":1,"15":1,"16":1,"17":1,"18":2,"19":2,"20":2,"21":2,"22":1,"23":1,"24":1,"25":1,"26":0,"27":0,"28":0,"29":1,"30":1,"31":0,"32":1,"33":1,"34":0,"35":0,"36":0,"37":0,"38":0,"39":0,"40":1,"41":1,"42":1,"43":1,"44":1,"45":2,"46":1,"47":1,"48":1,"49":0,"50":0,"51":0,"52":0,"53":0,"54":1,"55":1,"56":2,"57":2,"58":1,"59":1,"60":1},"f":{"0":4,"1":5,"2":1,"3":1,"4":2,"5":2,"6":2,"7":2,"8":0,"9":0,"10":0,"11":0,"12":1,"13":2,"14":2},"b":{"0":[0,5],"1":[2],"2":[1,1],"3":[0,0],"4":[0,0],"5":[1,1],"6":[1,0],"7":[0,0],"8":[1,1]}}
}
