TN:
SF:functions.ts
FN:20,(anonymous_13)
FN:21,(anonymous_14)
FN:38,(anonymous_15)
FN:39,(anonymous_16)
FN:45,(anonymous_17)
FN:50,(anonymous_18)
FN:66,(anonymous_19)
FN:68,(anonymous_20)
FN:100,(anonymous_22)
FN:113,(anonymous_23)
FN:119,(anonymous_24)
FN:120,(anonymous_25)
FN:138,(anonymous_26)
FN:142,(anonymous_27)
FN:153,(anonymous_28)
FNF:15
FNH:11
FNDA:4,(anonymous_13)
FNDA:5,(anonymous_14)
FNDA:1,(anonymous_15)
FNDA:1,(anonymous_16)
FNDA:2,(anonymous_17)
FNDA:2,(anonymous_18)
FNDA:2,(anonymous_19)
FNDA:2,(anonymous_20)
FNDA:0,(anonymous_22)
FNDA:0,(anonymous_23)
FNDA:0,(anonymous_24)
FNDA:0,(anonymous_25)
FNDA:1,(anonymous_26)
FNDA:2,(anonymous_27)
FNDA:2,(anonymous_28)
DA:20,1
DA:21,4
DA:22,5
DA:23,0
DA:25,5
DA:38,1
DA:39,1
DA:40,1
DA:45,1
DA:50,2
DA:51,2
DA:54,2
DA:55,1
DA:57,1
DA:66,1
DA:68,2
DA:72,2
DA:74,2
DA:75,1
DA:77,1
DA:100,1
DA:104,0
DA:105,0
DA:107,0
DA:113,1
DA:114,0
DA:119,1
DA:120,0
DA:121,0
DA:122,0
DA:123,0
DA:124,0
DA:126,0
DA:138,1
DA:139,1
DA:142,1
DA:143,2
DA:144,1
DA:146,0
DA:147,0
DA:150,0
DA:153,1
DA:154,2
DA:155,2
DA:158,1
DA:160,1
LF:46
LH:32
BRDA:22,0,0,0
BRDA:22,0,1,5
BRDA:72,1,0,2
BRDA:74,2,0,1
BRDA:74,2,1,1
BRDA:104,3,0,0
BRDA:104,3,1,0
BRDA:123,4,0,0
BRDA:123,4,1,0
BRDA:143,5,0,1
BRDA:143,5,1,1
BRDA:144,6,0,1
BRDA:144,6,1,0
BRDA:147,7,0,0
BRDA:147,7,1,0
BRDA:155,8,0,1
BRDA:155,8,1,1
BRF:17
BRH:9
end_of_record
