TN:
SF:functions.ts
FN:7,(anonymous_13)
FN:8,(anonymous_14)
FN:21,(anonymous_15)
FN:39,(anonymous_16)
FN:40,(anonymous_17)
FN:44,(anonymous_18)
FN:45,(anonymous_19)
FN:55,(anonymous_20)
FN:56,(anonymous_21)
FN:71,(anonymous_22)
FN:72,(anonymous_23)
FN:79,(anonymous_25)
FNF:12
FNH:12
FNDA:4,(anonymous_13)
FNDA:4,(anonymous_14)
FNDA:1,(anonymous_15)
FNDA:4,(anonymous_16)
FNDA:5,(anonymous_17)
FNDA:1,(anonymous_18)
FNDA:1,(anonymous_19)
FNDA:2,(anonymous_20)
FNDA:2,(anonymous_21)
FNDA:2,(anonymous_22)
FNDA:2,(anonymous_23)
FNDA:2,(anonymous_25)
DA:1,1
DA:2,1
DA:7,1
DA:8,4
DA:9,4
DA:10,4
DA:11,4
DA:12,3
DA:14,1
DA:21,1
DA:22,1
DA:39,1
DA:40,5
DA:44,1
DA:45,1
DA:46,1
DA:55,1
DA:56,2
DA:57,2
DA:58,2
DA:60,2
DA:61,1
DA:63,1
DA:71,1
DA:72,2
DA:74,2
DA:79,2
DA:80,2
DA:82,2
DA:84,1
DA:87,1
LF:31
LH:31
BRDA:11,0,0,3
BRDA:11,0,1,1
BRDA:82,1,0,1
BRDA:82,1,1,1
BRF:4
BRH:4
end_of_record
